<?xml version="1.0" encoding="UTF-8"?>
<testng-results ignored="0" total="1" passed="1" failed="0" skipped="0">
  <reporter-output>
  </reporter-output>
  <suite started-at="2023-07-04T14:53:10 TRT" name="Default suite" finished-at="2023-07-04T14:53:16 TRT" duration-ms="5856">
    <groups>
    </groups>
    <test started-at="2023-07-04T14:53:10 TRT" name="Default test" finished-at="2023-07-04T14:53:16 TRT" duration-ms="5856">
      <class name="testCases.TC_001_AccountRegistrationTest">
        <test-method is-config="true" signature="setup()[pri:0, instance:testCases.TC_001_AccountRegistrationTest@6892b3b6]" started-at="2023-07-04T14:53:10 TRT" name="setup" finished-at="2023-07-04T14:53:14 TRT" duration-ms="3812" status="PASS">
          <reporter-output>
          </reporter-output>
        </test-method> <!-- setup -->
        <test-method signature="test_account_Registration()[pri:0, instance:testCases.TC_001_AccountRegistrationTest@6892b3b6]" started-at="2023-07-04T14:53:14 TRT" name="test_account_Registration" finished-at="2023-07-04T14:53:16 TRT" duration-ms="1870" status="PASS">
          <reporter-output>
          </reporter-output>
        </test-method> <!-- test_account_Registration -->
        <test-method is-config="true" signature="tearDown()[pri:0, instance:testCases.TC_001_AccountRegistrationTest@6892b3b6]" started-at="2023-07-04T14:53:16 TRT" name="tearDown" finished-at="2023-07-04T14:53:16 TRT" duration-ms="110" status="PASS">
          <reporter-output>
          </reporter-output>
        </test-method> <!-- tearDown -->
        <test-method is-config="true" signature="tearDown()[pri:0, instance:testCases.TC_001_AccountRegistrationTest@6892b3b6]" started-at="2023-07-04T14:53:16 TRT" name="tearDown" finished-at="2023-07-04T14:53:16 TRT" duration-ms="1" status="PASS">
          <reporter-output>
          </reporter-output>
        </test-method> <!-- tearDown -->
      </class> <!-- testCases.TC_001_AccountRegistrationTest -->
    </test> <!-- Default test -->
  </suite> <!-- Default suite -->
</testng-results>
