<?xml version="1.0" encoding="UTF-8"?>
<testng-results ignored="0" total="1" passed="1" failed="0" skipped="0">
  <reporter-output>
  </reporter-output>
  <suite started-at="2023-07-04T14:59:15 TRT" name="Default suite" finished-at="2023-07-04T14:59:21 TRT" duration-ms="5614">
    <groups>
    </groups>
    <test started-at="2023-07-04T14:59:15 TRT" name="Default test" finished-at="2023-07-04T14:59:21 TRT" duration-ms="5614">
      <class name="testCases.TC_001_AccountRegistrationTest">
        <test-method is-config="true" signature="setup()[pri:0, instance:testCases.TC_001_AccountRegistrationTest@6892b3b6]" started-at="2023-07-04T14:59:15 TRT" name="setup" finished-at="2023-07-04T14:59:19 TRT" duration-ms="3416" status="PASS">
          <reporter-output>
          </reporter-output>
        </test-method> <!-- setup -->
        <test-method signature="test_account_Registration()[pri:0, instance:testCases.TC_001_AccountRegistrationTest@6892b3b6]" started-at="2023-07-04T14:59:19 TRT" name="test_account_Registration" finished-at="2023-07-04T14:59:21 TRT" duration-ms="2018" status="PASS">
          <reporter-output>
          </reporter-output>
        </test-method> <!-- test_account_Registration -->
        <test-method is-config="true" signature="tearDown()[pri:0, instance:testCases.TC_001_AccountRegistrationTest@6892b3b6]" started-at="2023-07-04T14:59:21 TRT" name="tearDown" finished-at="2023-07-04T14:59:21 TRT" duration-ms="108" status="PASS">
          <reporter-output>
          </reporter-output>
        </test-method> <!-- tearDown -->
        <test-method is-config="true" signature="tearDown()[pri:0, instance:testCases.TC_001_AccountRegistrationTest@6892b3b6]" started-at="2023-07-04T14:59:21 TRT" name="tearDown" finished-at="2023-07-04T14:59:21 TRT" duration-ms="2" status="PASS">
          <reporter-output>
          </reporter-output>
        </test-method> <!-- tearDown -->
      </class> <!-- testCases.TC_001_AccountRegistrationTest -->
    </test> <!-- Default test -->
  </suite> <!-- Default suite -->
</testng-results>
